[2019-05-31 09:23:06.312] [sharedprocess] [info] main {"machineId":"10d6f8dd91e8ef24fdcab11d0f2da32123906945a5ce57b331a5e2cbfc0dacc5"}
[2019-05-31 09:23:07.059] [sharedprocess] [info] Scanned user extensions: 4
[2019-05-31 09:23:07.370] [sharedprocess] [info] Deleted from disk johnpapa.winteriscoming /home/tunahan/.vscode/extensions/johnpapa.winteriscoming-1.0.0
[2019-05-31 09:23:07.570] [sharedprocess] [info] Scanned system extensions: 72
[2019-05-31 09:23:09.499] [sharedprocess] [info] Scanned user extensions: 4
[2019-05-31 09:23:09.572] [sharedprocess] [info] Scanned system extensions: 72
[2019-05-31 09:23:11.964] [sharedprocess] [info] Scanned user extensions: 4
[2019-05-31 09:23:13.399] [sharedprocess] [info] Installing extension: johnpapa.winteriscoming
[2019-05-31 09:23:13.413] [sharedprocess] [info] Scanned user extensions: 4
[2019-05-31 09:23:14.860] [sharedprocess] [info] Downloaded extension: johnpapa.winteriscoming /tmp/1250600b-b04a-483b-bd43-373088be701c
[2019-05-31 09:23:15.073] [sharedprocess] [info] Extracted extension to /home/tunahan/.vscode/extensions/.johnpapa.winteriscoming-1.1.1: johnpapa.winteriscoming
[2019-05-31 09:23:15.074] [sharedprocess] [info] Renamed to /home/tunahan/.vscode/extensions/johnpapa.winteriscoming-1.1.1
[2019-05-31 09:23:15.075] [sharedprocess] [info] Installation completed. johnpapa.winteriscoming
[2019-05-31 09:23:15.154] [sharedprocess] [info] Extensions installed successfully: johnpapa.winteriscoming
[2019-05-31 09:23:46.321] [sharedprocess] [info] Starting to clean up unused language packs.
[2019-05-31 09:28:12.017] [sharedprocess] [info] Scanned user extensions: 4
[2019-05-31 09:33:12.097] [sharedprocess] [info] Scanned user extensions: 4
[2019-05-31 09:38:12.150] [sharedprocess] [info] Scanned user extensions: 4
[2019-05-31 09:43:12.206] [sharedprocess] [info] Scanned user extensions: 4
[2019-05-31 09:48:12.261] [sharedprocess] [info] Scanned user extensions: 4
[2019-05-31 09:53:12.340] [sharedprocess] [info] Scanned user extensions: 4
[2019-05-31 09:58:12.400] [sharedprocess] [info] Scanned user extensions: 4
[2019-05-31 10:03:12.455] [sharedprocess] [info] Scanned user extensions: 4
[2019-05-31 10:08:12.505] [sharedprocess] [info] Scanned user extensions: 4
[2019-05-31 10:13:12.628] [sharedprocess] [info] Scanned user extensions: 4
[2019-05-31 10:18:12.680] [sharedprocess] [info] Scanned user extensions: 4
[2019-05-31 10:23:12.929] [sharedprocess] [info] Scanned user extensions: 4
[2019-05-31 10:28:12.988] [sharedprocess] [info] Scanned user extensions: 4
[2019-05-31 10:33:13.041] [sharedprocess] [info] Scanned user extensions: 4
[2019-05-31 10:38:13.099] [sharedprocess] [info] Scanned user extensions: 4
[2019-05-31 10:43:13.165] [sharedprocess] [info] Scanned user extensions: 4
[2019-05-31 10:48:13.219] [sharedprocess] [info] Scanned user extensions: 4
[2019-05-31 10:53:13.280] [sharedprocess] [info] Scanned user extensions: 4
[2019-05-31 11:53:53.184] [sharedprocess] [info] Scanned user extensions: 4
[2019-05-31 11:58:53.240] [sharedprocess] [info] Scanned user extensions: 4
[2019-05-31 12:03:53.297] [sharedprocess] [info] Scanned user extensions: 4
[2019-05-31 12:08:53.359] [sharedprocess] [info] Scanned user extensions: 4
[2019-05-31 12:13:53.416] [sharedprocess] [info] Scanned user extensions: 4
[2019-05-31 12:18:53.485] [sharedprocess] [info] Scanned user extensions: 4
[2019-05-31 12:23:53.555] [sharedprocess] [info] Scanned user extensions: 4
[2019-05-31 12:28:53.633] [sharedprocess] [info] Scanned user extensions: 4
[2019-05-31 12:33:53.701] [sharedprocess] [info] Scanned user extensions: 4
[2019-05-31 12:38:53.776] [sharedprocess] [info] Scanned user extensions: 4
[2019-05-31 12:43:53.836] [sharedprocess] [info] Scanned user extensions: 4
[2019-05-31 12:48:53.908] [sharedprocess] [info] Scanned user extensions: 4
[2019-05-31 12:53:54.169] [sharedprocess] [info] Scanned user extensions: 4
[2019-05-31 12:58:54.226] [sharedprocess] [info] Scanned user extensions: 4
[2019-05-31 13:03:54.272] [sharedprocess] [info] Scanned user extensions: 4
[2019-05-31 14:04:30.464] [sharedprocess] [info] Scanned user extensions: 4
[2019-05-31 14:09:30.564] [sharedprocess] [info] Scanned user extensions: 4
[2019-05-31 14:14:30.667] [sharedprocess] [info] Scanned user extensions: 4
[2019-05-31 14:19:30.773] [sharedprocess] [info] Scanned user extensions: 4
[2019-05-31 14:24:30.876] [sharedprocess] [info] Scanned user extensions: 4
[2019-05-31 14:29:30.981] [sharedprocess] [info] Scanned user extensions: 4
[2019-05-31 14:34:31.072] [sharedprocess] [info] Scanned user extensions: 4
[2019-05-31 14:39:31.162] [sharedprocess] [info] Scanned user extensions: 4
[2019-05-31 14:44:31.263] [sharedprocess] [info] Scanned user extensions: 4
[2019-05-31 14:49:31.317] [sharedprocess] [info] Scanned user extensions: 4
[2019-05-31 14:54:31.422] [sharedprocess] [info] Scanned user extensions: 4
[2019-05-31 14:59:31.518] [sharedprocess] [info] Scanned user extensions: 4
[2019-05-31 15:04:31.854] [sharedprocess] [info] Scanned user extensions: 4
[2019-05-31 15:09:31.937] [sharedprocess] [info] Scanned user extensions: 4
[2019-05-31 15:14:32.030] [sharedprocess] [info] Scanned user extensions: 4
[2019-05-31 15:19:32.126] [sharedprocess] [info] Scanned user extensions: 4
[2019-05-31 15:24:32.234] [sharedprocess] [info] Scanned user extensions: 4
[2019-05-31 15:29:32.367] [sharedprocess] [info] Scanned user extensions: 4
[2019-05-31 15:34:32.478] [sharedprocess] [info] Scanned user extensions: 4
[2019-05-31 15:39:32.575] [sharedprocess] [info] Scanned user extensions: 4
[2019-05-31 15:44:32.685] [sharedprocess] [info] Scanned user extensions: 4
[2019-05-31 15:49:32.778] [sharedprocess] [info] Scanned user extensions: 4
[2019-05-31 15:54:32.890] [sharedprocess] [info] Scanned user extensions: 4
[2019-05-31 15:59:33.147] [sharedprocess] [info] Scanned user extensions: 4
[2019-05-31 16:04:33.445] [sharedprocess] [info] Scanned user extensions: 4
[2019-05-31 16:09:33.554] [sharedprocess] [info] Scanned user extensions: 4
[2019-05-31 16:14:33.656] [sharedprocess] [info] Scanned user extensions: 4
[2019-05-31 16:19:33.704] [sharedprocess] [info] Scanned user extensions: 4
[2019-05-31 16:24:33.796] [sharedprocess] [info] Scanned user extensions: 4
[2019-05-31 16:29:33.894] [sharedprocess] [info] Scanned user extensions: 4
[2019-05-31 16:34:33.974] [sharedprocess] [info] Scanned user extensions: 4
[2019-05-31 16:39:34.073] [sharedprocess] [info] Scanned user extensions: 4
[2019-05-31 16:44:34.175] [sharedprocess] [info] Scanned user extensions: 4
[2019-05-31 16:49:34.294] [sharedprocess] [info] Scanned user extensions: 4
[2019-05-31 16:54:34.462] [sharedprocess] [info] Scanned user extensions: 4
[2019-05-31 16:59:34.531] [sharedprocess] [info] Scanned user extensions: 4
[2019-05-31 17:04:35.037] [sharedprocess] [info] Scanned user extensions: 4
[2019-05-31 17:09:35.131] [sharedprocess] [info] Scanned user extensions: 4
[2019-05-31 17:14:35.220] [sharedprocess] [info] Scanned user extensions: 4
[2019-05-31 17:19:35.317] [sharedprocess] [info] Scanned user extensions: 4
[2019-05-31 17:24:35.517] [sharedprocess] [info] Scanned user extensions: 4
[2019-05-31 17:29:35.602] [sharedprocess] [info] Scanned user extensions: 4
[2019-05-31 17:34:35.784] [sharedprocess] [info] Scanned user extensions: 4
[2019-05-31 17:39:35.874] [sharedprocess] [info] Scanned user extensions: 4
[2019-05-31 17:44:35.973] [sharedprocess] [info] Scanned user extensions: 4
[2019-05-31 17:49:36.061] [sharedprocess] [info] Scanned user extensions: 4
[2019-05-31 17:54:36.155] [sharedprocess] [info] Scanned user extensions: 4
