[2019-06-11 12:27:28.581] [exthost] [info] extension host started
[2019-06-11 12:27:28.627] [exthost] [info] ExtensionService#_doActivateExtension vscode.php-language-features {"startup":false,"activationEvent":"onLanguage:php"}
[2019-06-11 12:27:28.627] [exthost] [info] ExtensionService#loadCommonJSModule /usr/share/code/resources/app/extensions/php-language-features/dist/phpMain
[2019-06-11 12:27:28.740] [exthost] [info] ExtensionService#_doActivateExtension vscode.debug-auto-launch {"startup":true,"activationEvent":"*"}
[2019-06-11 12:27:28.740] [exthost] [info] ExtensionService#loadCommonJSModule /usr/share/code/resources/app/extensions/debug-auto-launch/dist/extension
[2019-06-11 12:27:28.829] [exthost] [info] ExtensionService#_doActivateExtension vscode.emmet {"startup":true,"activationEvent":"*"}
[2019-06-11 12:27:28.829] [exthost] [info] ExtensionService#loadCommonJSModule /usr/share/code/resources/app/extensions/emmet/dist/extension
[2019-06-11 12:27:28.938] [exthost] [info] ExtensionService#_doActivateExtension vscode.git {"startup":true,"activationEvent":"*"}
[2019-06-11 12:27:28.938] [exthost] [info] ExtensionService#loadCommonJSModule /usr/share/code/resources/app/extensions/git/dist/main
[2019-06-11 12:27:29.403] [exthost] [info] ExtensionService#_doActivateExtension vscode.merge-conflict {"startup":true,"activationEvent":"*"}
[2019-06-11 12:27:29.403] [exthost] [info] ExtensionService#loadCommonJSModule /usr/share/code/resources/app/extensions/merge-conflict/dist/extension
[2019-06-11 12:27:29.431] [exthost] [info] ExtensionService#_doActivateExtension Equinusocio.vsc-material-theme {"startup":true,"activationEvent":"*"}
[2019-06-11 12:27:29.431] [exthost] [info] ExtensionService#loadCommonJSModule /home/tunahan/.vscode/extensions/equinusocio.vsc-material-theme-2.9.0/out/src/material.theme.config
[2019-06-11 12:27:29.601] [exthost] [info] ExtensionService#_doActivateExtension mblode.twig-language {"startup":true,"activationEvent":"*"}
[2019-06-11 12:27:29.601] [exthost] [info] ExtensionService#loadCommonJSModule /home/tunahan/.vscode/extensions/mblode.twig-language-0.8.7/extension/index
[2019-06-11 12:27:29.953] [exthost] [info] eager extensions activated
[2019-06-11 12:54:45.341] [exthost] [info] extension host started
[2019-06-11 12:54:45.373] [exthost] [info] ExtensionService#_doActivateExtension vscode.debug-auto-launch {"startup":true,"activationEvent":"*"}
[2019-06-11 12:54:45.373] [exthost] [info] ExtensionService#loadCommonJSModule /usr/share/code/resources/app/extensions/debug-auto-launch/dist/extension
[2019-06-11 12:54:45.381] [exthost] [info] ExtensionService#_doActivateExtension vscode.emmet {"startup":true,"activationEvent":"*"}
[2019-06-11 12:54:45.381] [exthost] [info] ExtensionService#loadCommonJSModule /usr/share/code/resources/app/extensions/emmet/dist/extension
[2019-06-11 12:54:45.425] [exthost] [info] ExtensionService#_doActivateExtension vscode.git {"startup":true,"activationEvent":"*"}
[2019-06-11 12:54:45.425] [exthost] [info] ExtensionService#loadCommonJSModule /usr/share/code/resources/app/extensions/git/dist/main
[2019-06-11 12:54:45.653] [exthost] [info] ExtensionService#_doActivateExtension vscode.merge-conflict {"startup":true,"activationEvent":"*"}
[2019-06-11 12:54:45.653] [exthost] [info] ExtensionService#loadCommonJSModule /usr/share/code/resources/app/extensions/merge-conflict/dist/extension
[2019-06-11 12:54:45.661] [exthost] [info] ExtensionService#_doActivateExtension Equinusocio.vsc-material-theme {"startup":true,"activationEvent":"*"}
[2019-06-11 12:54:45.661] [exthost] [info] ExtensionService#loadCommonJSModule /home/tunahan/.vscode/extensions/equinusocio.vsc-material-theme-2.9.0/out/src/material.theme.config
[2019-06-11 12:54:45.675] [exthost] [info] ExtensionService#_doActivateExtension mblode.twig-language {"startup":true,"activationEvent":"*"}
[2019-06-11 12:54:45.675] [exthost] [info] ExtensionService#loadCommonJSModule /home/tunahan/.vscode/extensions/mblode.twig-language-0.8.7/extension/index
[2019-06-11 12:54:45.768] [exthost] [info] eager extensions activated
[2019-06-11 12:55:36.582] [exthost] [info] ExtensionService#_doActivateExtension vscode.php-language-features {"startup":false,"activationEvent":"onLanguage:php"}
[2019-06-11 12:55:36.582] [exthost] [info] ExtensionService#loadCommonJSModule /usr/share/code/resources/app/extensions/php-language-features/dist/phpMain
[2019-06-11 12:58:22.356] [exthost] [info] ExtensionService#_doActivateExtension vscode.html-language-features {"startup":false,"activationEvent":"onLanguage:html"}
[2019-06-11 12:58:22.357] [exthost] [info] ExtensionService#loadCommonJSModule /usr/share/code/resources/app/extensions/html-language-features/client/dist/htmlMain
