[2019-06-11 13:10:05.100] [exthost] [info] extension host started
[2019-06-11 13:10:05.127] [exthost] [info] ExtensionService#_doActivateExtension vscode.debug-auto-launch {"startup":true,"activationEvent":"*"}
[2019-06-11 13:10:05.127] [exthost] [info] ExtensionService#loadCommonJSModule /usr/share/code/resources/app/extensions/debug-auto-launch/dist/extension
[2019-06-11 13:10:05.133] [exthost] [info] ExtensionService#_doActivateExtension vscode.emmet {"startup":true,"activationEvent":"*"}
[2019-06-11 13:10:05.133] [exthost] [info] ExtensionService#loadCommonJSModule /usr/share/code/resources/app/extensions/emmet/dist/extension
[2019-06-11 13:10:05.161] [exthost] [info] ExtensionService#_doActivateExtension vscode.git {"startup":true,"activationEvent":"*"}
[2019-06-11 13:10:05.161] [exthost] [info] ExtensionService#loadCommonJSModule /usr/share/code/resources/app/extensions/git/dist/main
[2019-06-11 13:10:05.334] [exthost] [info] ExtensionService#_doActivateExtension vscode.merge-conflict {"startup":true,"activationEvent":"*"}
[2019-06-11 13:10:05.334] [exthost] [info] ExtensionService#loadCommonJSModule /usr/share/code/resources/app/extensions/merge-conflict/dist/extension
[2019-06-11 13:10:05.343] [exthost] [info] ExtensionService#_doActivateExtension Equinusocio.vsc-material-theme {"startup":true,"activationEvent":"*"}
[2019-06-11 13:10:05.343] [exthost] [info] ExtensionService#loadCommonJSModule /home/tunahan/.vscode/extensions/equinusocio.vsc-material-theme-2.9.0/out/src/material.theme.config
[2019-06-11 13:10:05.356] [exthost] [info] ExtensionService#_doActivateExtension mblode.twig-language {"startup":true,"activationEvent":"*"}
[2019-06-11 13:10:05.356] [exthost] [info] ExtensionService#loadCommonJSModule /home/tunahan/.vscode/extensions/mblode.twig-language-0.8.7/extension/index
[2019-06-11 13:10:05.442] [exthost] [info] eager extensions activated
[2019-06-11 13:10:15.910] [exthost] [info] extension host started
[2019-06-11 13:10:15.937] [exthost] [info] ExtensionService#_doActivateExtension vscode.debug-auto-launch {"startup":true,"activationEvent":"*"}
[2019-06-11 13:10:15.937] [exthost] [info] ExtensionService#loadCommonJSModule /usr/share/code/resources/app/extensions/debug-auto-launch/dist/extension
[2019-06-11 13:10:15.948] [exthost] [info] ExtensionService#_doActivateExtension vscode.emmet {"startup":true,"activationEvent":"*"}
[2019-06-11 13:10:15.948] [exthost] [info] ExtensionService#loadCommonJSModule /usr/share/code/resources/app/extensions/emmet/dist/extension
[2019-06-11 13:10:15.976] [exthost] [info] ExtensionService#_doActivateExtension vscode.git {"startup":true,"activationEvent":"*"}
[2019-06-11 13:10:15.976] [exthost] [info] ExtensionService#loadCommonJSModule /usr/share/code/resources/app/extensions/git/dist/main
[2019-06-11 13:10:16.123] [exthost] [info] ExtensionService#_doActivateExtension vscode.merge-conflict {"startup":true,"activationEvent":"*"}
[2019-06-11 13:10:16.123] [exthost] [info] ExtensionService#loadCommonJSModule /usr/share/code/resources/app/extensions/merge-conflict/dist/extension
[2019-06-11 13:10:16.131] [exthost] [info] ExtensionService#_doActivateExtension Equinusocio.vsc-material-theme {"startup":true,"activationEvent":"*"}
[2019-06-11 13:10:16.131] [exthost] [info] ExtensionService#loadCommonJSModule /home/tunahan/.vscode/extensions/equinusocio.vsc-material-theme-2.9.0/out/src/material.theme.config
[2019-06-11 13:10:16.142] [exthost] [info] ExtensionService#_doActivateExtension mblode.twig-language {"startup":true,"activationEvent":"*"}
[2019-06-11 13:10:16.142] [exthost] [info] ExtensionService#loadCommonJSModule /home/tunahan/.vscode/extensions/mblode.twig-language-0.8.7/extension/index
[2019-06-11 13:10:16.221] [exthost] [info] eager extensions activated
[2019-06-11 13:10:30.249] [exthost] [info] extension host started
[2019-06-11 13:10:30.392] [exthost] [info] ExtensionService#_doActivateExtension vscode.php-language-features {"startup":false,"activationEvent":"onLanguage:php"}
[2019-06-11 13:10:30.393] [exthost] [info] ExtensionService#loadCommonJSModule /usr/share/code/resources/app/extensions/php-language-features/dist/phpMain
[2019-06-11 13:10:30.421] [exthost] [info] ExtensionService#_doActivateExtension vscode.debug-auto-launch {"startup":true,"activationEvent":"*"}
[2019-06-11 13:10:30.421] [exthost] [info] ExtensionService#loadCommonJSModule /usr/share/code/resources/app/extensions/debug-auto-launch/dist/extension
[2019-06-11 13:10:30.427] [exthost] [info] ExtensionService#_doActivateExtension vscode.emmet {"startup":true,"activationEvent":"*"}
[2019-06-11 13:10:30.427] [exthost] [info] ExtensionService#loadCommonJSModule /usr/share/code/resources/app/extensions/emmet/dist/extension
[2019-06-11 13:10:30.452] [exthost] [info] ExtensionService#_doActivateExtension vscode.git {"startup":true,"activationEvent":"*"}
[2019-06-11 13:10:30.453] [exthost] [info] ExtensionService#loadCommonJSModule /usr/share/code/resources/app/extensions/git/dist/main
[2019-06-11 13:10:30.669] [exthost] [info] ExtensionService#_doActivateExtension vscode.merge-conflict {"startup":true,"activationEvent":"*"}
[2019-06-11 13:10:30.670] [exthost] [info] ExtensionService#loadCommonJSModule /usr/share/code/resources/app/extensions/merge-conflict/dist/extension
[2019-06-11 13:10:30.680] [exthost] [info] ExtensionService#_doActivateExtension Equinusocio.vsc-material-theme {"startup":true,"activationEvent":"*"}
[2019-06-11 13:10:30.681] [exthost] [info] ExtensionService#loadCommonJSModule /home/tunahan/.vscode/extensions/equinusocio.vsc-material-theme-2.9.0/out/src/material.theme.config
[2019-06-11 13:10:30.699] [exthost] [info] ExtensionService#_doActivateExtension mblode.twig-language {"startup":true,"activationEvent":"*"}
[2019-06-11 13:10:30.699] [exthost] [info] ExtensionService#loadCommonJSModule /home/tunahan/.vscode/extensions/mblode.twig-language-0.8.7/extension/index
[2019-06-11 13:10:30.869] [exthost] [info] eager extensions activated
[2019-06-11 13:17:45.876] [exthost] [info] ExtensionService#_doActivateExtension vscode.html-language-features {"startup":false,"activationEvent":"onLanguage:html"}
[2019-06-11 13:17:45.876] [exthost] [info] ExtensionService#loadCommonJSModule /usr/share/code/resources/app/extensions/html-language-features/client/dist/htmlMain
[2019-06-11 18:53:46.612] [exthost] [info] ExtensionService#_doActivateExtension vscode.configuration-editing {"startup":false,"activationEvent":"onLanguage:jsonc"}
[2019-06-11 18:53:46.613] [exthost] [info] ExtensionService#loadCommonJSModule /usr/share/code/resources/app/extensions/configuration-editing/dist/extension
[2019-06-11 18:53:46.750] [exthost] [info] ExtensionService#_doActivateExtension vscode.json-language-features {"startup":false,"activationEvent":"onLanguage:jsonc"}
[2019-06-11 18:53:46.750] [exthost] [info] ExtensionService#loadCommonJSModule /usr/share/code/resources/app/extensions/json-language-features/client/dist/jsonMain
[2019-06-11 18:53:47.349] [exthost] [info] ExtensionService#_doActivateExtension vscode.typescript-language-features {"startup":false,"activationEvent":"onLanguage:jsonc"}
[2019-06-11 18:53:47.349] [exthost] [info] ExtensionService#loadCommonJSModule /usr/share/code/resources/app/extensions/typescript-language-features/dist/extension
